monte@Monte:/mnt/c/Users/alexm/Desktop/Universidad/2º/EDAT/Prácticas/EDAT-Pr-ctica-2/Entrega práctica 2 - Alejandro Montio - Héctor Martín$  ./menu
 (1) Products
 (2) Orders
 (3) Customers
 (4) Quit

Enter a number that corresponds to your choice > 2

 (1) Open
 (2) Range
 (3) Detail
 (4) Back

Introduce un número que corresponda con tu elección > 3

Introduce un ordernumber > 10100
Orderdate > 2003-01-06 - Status > Shipped
 Coste > 10223.83
S24_3969 49 35.29
S18_2248 50 55.09
S18_1749 30 136.00
S18_4409 22 75.46
 (1) Open
 (2) Range
 (3) Detail
 (4) Back

Introduce un número que corresponda con tu elección > 4

 (1) Products
 (2) Orders
 (3) Customers
 (4) Quit

Enter a number that corresponds to your choice > 4

Bye bye
